<?xml version="1.0" encoding="UTF-8"?>
<coverage generated="1748765372450" clover="3.2.0">
  <project timestamp="1748765372450" name="All files">
    <metrics statements="37" coveredstatements="36" conditionals="47" coveredconditionals="37" methods="9" coveredmethods="9" elements="93" coveredelements="82" complexity="0" loc="37" ncloc="37" packages="3" files="3" classes="3"/>
    <package name="CategoryList">
      <metrics statements="20" coveredstatements="20" conditionals="24" coveredconditionals="19" methods="6" coveredmethods="6"/>
      <file name="index.tsx" path="/Users/ishannathen/Documents/my-projects/home24-bxp/src/components/CategoryList/index.tsx">
        <metrics statements="20" coveredstatements="20" conditionals="24" coveredconditionals="19" methods="6" coveredmethods="6"/>
        <line num="2" count="1" type="stmt"/>
        <line num="3" count="1" type="stmt"/>
        <line num="5" count="1" type="stmt"/>
        <line num="6" count="1" type="stmt"/>
        <line num="13" count="1" type="stmt"/>
        <line num="22" count="1" type="stmt"/>
        <line num="28" count="5" type="stmt"/>
        <line num="30" count="5" type="stmt"/>
        <line num="31" count="2" type="cond" truecount="2" falsecount="1"/>
        <line num="33" count="2" type="stmt"/>
        <line num="36" count="4" type="cond" truecount="2" falsecount="0"/>
        <line num="37" count="4" type="stmt"/>
        <line num="43" count="1" type="cond" truecount="2" falsecount="0"/>
        <line num="58" count="5" type="cond" truecount="1" falsecount="0"/>
        <line num="59" count="1" type="stmt"/>
        <line num="68" count="4" type="stmt"/>
        <line num="76" count="8" type="stmt"/>
        <line num="77" count="8" type="stmt"/>
        <line num="86" count="1" type="cond" truecount="1" falsecount="1"/>
        <line num="117" count="1" type="stmt"/>
      </file>
    </package>
    <package name="Forms.LoginForm">
      <metrics statements="6" coveredstatements="6" conditionals="12" coveredconditionals="12" methods="1" coveredmethods="1"/>
      <file name="index.tsx" path="/Users/ishannathen/Documents/my-projects/home24-bxp/src/components/Forms/LoginForm/index.tsx">
        <metrics statements="6" coveredstatements="6" conditionals="12" coveredconditionals="12" methods="1" coveredmethods="1"/>
        <line num="1" count="1" type="stmt"/>
        <line num="3" count="1" type="stmt"/>
        <line num="5" count="1" type="stmt"/>
        <line num="16" count="1" type="stmt"/>
        <line num="24" count="3" type="stmt"/>
        <line num="70" count="1" type="stmt"/>
      </file>
    </package>
    <package name="ProductDetails">
      <metrics statements="11" coveredstatements="10" conditionals="11" coveredconditionals="6" methods="2" coveredmethods="2"/>
      <file name="index.tsx" path="/Users/ishannathen/Documents/my-projects/home24-bxp/src/components/ProductDetails/index.tsx">
        <metrics statements="11" coveredstatements="10" conditionals="11" coveredconditionals="6" methods="2" coveredmethods="2"/>
        <line num="1" count="1" type="stmt"/>
        <line num="11" count="1" type="stmt"/>
        <line num="12" count="1" type="stmt"/>
        <line num="13" count="1" type="stmt"/>
        <line num="15" count="1" type="stmt"/>
        <line num="25" count="1" type="stmt"/>
        <line num="32" count="3" type="cond" truecount="2" falsecount="1"/>
        <line num="33" count="0" type="stmt"/>
        <line num="40" count="3" type="stmt"/>
        <line num="84" count="3" type="stmt"/>
        <line num="106" count="1" type="stmt"/>
      </file>
    </package>
  </project>
</coverage>
