{"/Users/ishannathen/Documents/my-projects/home24-bxp/src/components/CategoryList/index.tsx": {"path":"/Users/ishannathen/Documents/my-projects/home24-bxp/src/components/CategoryList/index.tsx","statementMap":{"0":{"start":{"line":2,"column":0},"end":{"line":2,"column":57}},"1":{"start":{"line":3,"column":0},"end":{"line":3,"column":47}},"2":{"start":{"line":5,"column":0},"end":{"line":5,"column":40}},"3":{"start":{"line":6,"column":0},"end":{"line":6,"column":null}},"4":{"start":{"line":13,"column":24},"end":{"line":13,"column":34}},"5":{"start":{"line":22,"column":21},"end":{"line":115,"column":1}},"6":{"start":{"line":28,"column":19},"end":{"line":28,"column":32}},"7":{"start":{"line":30,"column":30},"end":{"line":56,"column":3}},"8":{"start":{"line":31,"column":4},"end":{"line":31,"column":56}},"9":{"start":{"line":31,"column":44},"end":{"line":31,"column":56}},"10":{"start":{"line":33,"column":4},"end":{"line":55,"column":6}},"11":{"start":{"line":36,"column":25},"end":{"line":36,"column":71}},"12":{"start":{"line":37,"column":10},"end":{"line":52,"column":12}},"13":{"start":{"line":43,"column":31},"end":{"line":43,"column":74}},"14":{"start":{"line":58,"column":2},"end":{"line":66,"column":3}},"15":{"start":{"line":59,"column":4},"end":{"line":65,"column":6}},"16":{"start":{"line":68,"column":2},"end":{"line":114,"column":4}},"17":{"start":{"line":76,"column":29},"end":{"line":76,"column":51}},"18":{"start":{"line":77,"column":12},"end":{"line":109,"column":14}},"19":{"start":{"line":86,"column":33},"end":{"line":86,"column":78}},"20":{"start":{"line":117,"column":0},"end":{"line":117,"column":28}}},"fnMap":{"0":{"name":"(anonymous_0)","decl":{"start":{"line":22,"column":21},"end":{"line":22,"column":22}},"loc":{"start":{"line":27,"column":24},"end":{"line":115,"column":1}}},"1":{"name":"(anonymous_1)","decl":{"start":{"line":30,"column":30},"end":{"line":30,"column":31}},"loc":{"start":{"line":30,"column":56},"end":{"line":56,"column":3}}},"2":{"name":"(anonymous_2)","decl":{"start":{"line":35,"column":22},"end":{"line":35,"column":23}},"loc":{"start":{"line":35,"column":32},"end":{"line":53,"column":9}}},"3":{"name":"(anonymous_3)","decl":{"start":{"line":43,"column":25},"end":{"line":43,"column":28}},"loc":{"start":{"line":43,"column":31},"end":{"line":43,"column":74}}},"4":{"name":"(anonymous_4)","decl":{"start":{"line":75,"column":28},"end":{"line":75,"column":29}},"loc":{"start":{"line":75,"column":36},"end":{"line":110,"column":11}}},"5":{"name":"(anonymous_5)","decl":{"start":{"line":86,"column":27},"end":{"line":86,"column":30}},"loc":{"start":{"line":86,"column":33},"end":{"line":86,"column":78}}}},"branchMap":{"0":{"loc":{"start":{"line":31,"column":4},"end":{"line":31,"column":56}},"type":"if","locations":[{"start":{"line":31,"column":4},"end":{"line":31,"column":56}}]},"1":{"loc":{"start":{"line":31,"column":8},"end":{"line":31,"column":42}},"type":"binary-expr","locations":[{"start":{"line":31,"column":8},"end":{"line":31,"column":17}},{"start":{"line":31,"column":21},"end":{"line":31,"column":42}}]},"2":{"loc":{"start":{"line":36,"column":25},"end":{"line":36,"column":71}},"type":"binary-expr","locations":[{"start":{"line":36,"column":25},"end":{"line":36,"column":40}},{"start":{"line":36,"column":44},"end":{"line":36,"column":71}}]},"3":{"loc":{"start":{"line":41,"column":18},"end":{"line":41,"column":null}},"type":"cond-expr","locations":[{"start":{"line":41,"column":27},"end":{"line":41,"column":42}},{"start":{"line":41,"column":45},"end":{"line":41,"column":null}}]},"4":{"loc":{"start":{"line":43,"column":31},"end":{"line":43,"column":74}},"type":"binary-expr","locations":[{"start":{"line":43,"column":31},"end":{"line":43,"column":37}},{"start":{"line":43,"column":41},"end":{"line":43,"column":74}}]},"5":{"loc":{"start":{"line":46,"column":19},"end":{"line":46,"column":69}},"type":"cond-expr","locations":[{"start":{"line":46,"column":28},"end":{"line":46,"column":44}},{"start":{"line":46,"column":47},"end":{"line":46,"column":69}}]},"6":{"loc":{"start":{"line":50,"column":15},"end":{"line":50,"column":61}},"type":"binary-expr","locations":[{"start":{"line":50,"column":15},"end":{"line":50,"column":22}},{"start":{"line":50,"column":26},"end":{"line":50,"column":61}}]},"7":{"loc":{"start":{"line":58,"column":2},"end":{"line":66,"column":3}},"type":"if","locations":[{"start":{"line":58,"column":2},"end":{"line":66,"column":3}}]},"8":{"loc":{"start":{"line":81,"column":18},"end":{"line":81,"column":null}},"type":"cond-expr","locations":[{"start":{"line":81,"column":29},"end":{"line":81,"column":47}},{"start":{"line":81,"column":50},"end":{"line":81,"column":null}}]},"9":{"loc":{"start":{"line":86,"column":48},"end":{"line":86,"column":77}},"type":"cond-expr","locations":[{"start":{"line":86,"column":59},"end":{"line":86,"column":68}},{"start":{"line":86,"column":71},"end":{"line":86,"column":77}}]},"10":{"loc":{"start":{"line":91,"column":21},"end":{"line":94,"column":null}},"type":"cond-expr","locations":[{"start":{"line":92,"column":22},"end":{"line":92,"column":68}},{"start":{"line":94,"column":22},"end":{"line":94,"column":69}}]},"11":{"loc":{"start":{"line":101,"column":20},"end":{"line":103,"column":null}},"type":"cond-expr","locations":[{"start":{"line":102,"column":24},"end":{"line":102,"column":51}},{"start":{"line":103,"column":24},"end":{"line":103,"column":null}}]},"12":{"loc":{"start":{"line":106,"column":19},"end":{"line":106,"column":64}},"type":"binary-expr","locations":[{"start":{"line":106,"column":19},"end":{"line":106,"column":27}},{"start":{"line":106,"column":31},"end":{"line":106,"column":64}}]}},"s":{"0":1,"1":1,"2":1,"3":1,"4":1,"5":1,"6":5,"7":5,"8":2,"9":0,"10":2,"11":4,"12":4,"13":1,"14":5,"15":1,"16":4,"17":8,"18":8,"19":1,"20":1},"f":{"0":5,"1":2,"2":4,"3":1,"4":8,"5":1},"b":{"0":[0],"1":[2,2],"2":[4,4],"3":[4,0],"4":[1,1],"5":[4,0],"6":[4,0],"7":[1],"8":[2,6],"9":[0,1],"10":[2,6],"11":[2,6],"12":[8,2]}}
,"/Users/ishannathen/Documents/my-projects/home24-bxp/src/components/Forms/LoginForm/index.tsx": {"path":"/Users/ishannathen/Documents/my-projects/home24-bxp/src/components/Forms/LoginForm/index.tsx","statementMap":{"0":{"start":{"line":1,"column":0},"end":{"line":1,"column":67}},"1":{"start":{"line":3,"column":0},"end":{"line":3,"column":40}},"2":{"start":{"line":5,"column":18},"end":{"line":5,"column":28}},"3":{"start":{"line":16,"column":18},"end":{"line":68,"column":1}},"4":{"start":{"line":24,"column":2},"end":{"line":67,"column":4}},"5":{"start":{"line":70,"column":0},"end":{"line":70,"column":25}}},"fnMap":{"0":{"name":"(anonymous_0)","decl":{"start":{"line":16,"column":18},"end":{"line":16,"column":19}},"loc":{"start":{"line":23,"column":21},"end":{"line":68,"column":1}}}},"branchMap":{"0":{"loc":{"start":{"line":32,"column":28},"end":{"line":32,"column":72}},"type":"cond-expr","locations":[{"start":{"line":32,"column":60},"end":{"line":32,"column":67}},{"start":{"line":32,"column":70},"end":{"line":32,"column":72}}]},"1":{"loc":{"start":{"line":32,"column":28},"end":{"line":32,"column":57}},"type":"binary-expr","locations":[{"start":{"line":32,"column":28},"end":{"line":32,"column":41}},{"start":{"line":32,"column":45},"end":{"line":32,"column":57}}]},"2":{"loc":{"start":{"line":33,"column":18},"end":{"line":33,"column":47}},"type":"binary-expr","locations":[{"start":{"line":33,"column":18},"end":{"line":33,"column":31}},{"start":{"line":33,"column":35},"end":{"line":33,"column":47}}]},"3":{"loc":{"start":{"line":48,"column":28},"end":{"line":48,"column":78}},"type":"cond-expr","locations":[{"start":{"line":48,"column":66},"end":{"line":48,"column":73}},{"start":{"line":48,"column":76},"end":{"line":48,"column":78}}]},"4":{"loc":{"start":{"line":48,"column":28},"end":{"line":48,"column":63}},"type":"binary-expr","locations":[{"start":{"line":48,"column":28},"end":{"line":48,"column":44}},{"start":{"line":48,"column":48},"end":{"line":48,"column":63}}]},"5":{"loc":{"start":{"line":49,"column":18},"end":{"line":49,"column":53}},"type":"binary-expr","locations":[{"start":{"line":49,"column":18},"end":{"line":49,"column":34}},{"start":{"line":49,"column":38},"end":{"line":49,"column":53}}]}},"s":{"0":1,"1":1,"2":1,"3":1,"4":3,"5":1},"f":{"0":3},"b":{"0":[1,2],"1":[3,1],"2":[3,1],"3":[1,2],"4":[3,1],"5":[3,1]}}
,"/Users/ishannathen/Documents/my-projects/home24-bxp/src/components/ProductDetails/index.tsx": {"path":"/Users/ishannathen/Documents/my-projects/home24-bxp/src/components/ProductDetails/index.tsx","statementMap":{"0":{"start":{"line":1,"column":0},"end":{"line":1,"column":null}},"1":{"start":{"line":11,"column":0},"end":{"line":11,"column":34}},"2":{"start":{"line":12,"column":0},"end":{"line":12,"column":65}},"3":{"start":{"line":13,"column":0},"end":{"line":13,"column":40}},"4":{"start":{"line":15,"column":24},"end":{"line":15,"column":34}},"5":{"start":{"line":25,"column":23},"end":{"line":104,"column":1}},"6":{"start":{"line":32,"column":2},"end":{"line":38,"column":3}},"7":{"start":{"line":33,"column":4},"end":{"line":37,"column":6}},"8":{"start":{"line":40,"column":2},"end":{"line":103,"column":4}},"9":{"start":{"line":84,"column":18},"end":{"line":84,"column":null}},"10":{"start":{"line":106,"column":0},"end":{"line":106,"column":30}}},"fnMap":{"0":{"name":"(anonymous_0)","decl":{"start":{"line":25,"column":23},"end":{"line":25,"column":24}},"loc":{"start":{"line":31,"column":26},"end":{"line":104,"column":1}}},"1":{"name":"(anonymous_1)","decl":{"start":{"line":83,"column":40},"end":{"line":83,"column":41}},"loc":{"start":{"line":84,"column":18},"end":{"line":84,"column":null}}}},"branchMap":{"0":{"loc":{"start":{"line":32,"column":2},"end":{"line":38,"column":3}},"type":"if","locations":[{"start":{"line":32,"column":2},"end":{"line":38,"column":3}}]},"1":{"loc":{"start":{"line":32,"column":6},"end":{"line":32,"column":25}},"type":"binary-expr","locations":[{"start":{"line":32,"column":6},"end":{"line":32,"column":13}},{"start":{"line":32,"column":17},"end":{"line":32,"column":25}}]},"2":{"loc":{"start":{"line":69,"column":24},"end":{"line":69,"column":74}},"type":"cond-expr","locations":[{"start":{"line":69,"column":54},"end":{"line":69,"column":63}},{"start":{"line":69,"column":66},"end":{"line":69,"column":74}}]},"3":{"loc":{"start":{"line":70,"column":15},"end":{"line":70,"column":72}},"type":"cond-expr","locations":[{"start":{"line":70,"column":45},"end":{"line":70,"column":56}},{"start":{"line":70,"column":59},"end":{"line":70,"column":72}}]},"4":{"loc":{"start":{"line":81,"column":13},"end":{"line":97,"column":null}},"type":"cond-expr","locations":[{"start":{"line":82,"column":14},"end":{"line":94,"column":null}},{"start":{"line":97,"column":14},"end":{"line":97,"column":57}}]},"5":{"loc":{"start":{"line":89,"column":23},"end":{"line":91,"column":36}},"type":"cond-expr","locations":[{"start":{"line":90,"column":26},"end":{"line":90,"column":47}},{"start":{"line":91,"column":26},"end":{"line":91,"column":36}}]}},"s":{"0":1,"1":1,"2":1,"3":1,"4":1,"5":1,"6":3,"7":0,"8":3,"9":3,"10":1},"f":{"0":3,"1":3},"b":{"0":[0],"1":[3,3],"2":[3,0],"3":[3,0],"4":[3,0],"5":[0,3]}}
}
