TN:
SF:src/components/CategoryList/index.tsx
FN:22,(anonymous_0)
FN:30,(anonymous_1)
FN:35,(anonymous_2)
FN:43,(anonymous_3)
FN:75,(anonymous_4)
FN:86,(anonymous_5)
FNF:6
FNH:6
FNDA:5,(anonymous_0)
FNDA:2,(anonymous_1)
FNDA:4,(anonymous_2)
FNDA:1,(anonymous_3)
FNDA:8,(anonymous_4)
FNDA:1,(anonymous_5)
DA:2,1
DA:3,1
DA:5,1
DA:6,1
DA:13,1
DA:22,1
DA:28,5
DA:30,5
DA:31,2
DA:33,2
DA:36,4
DA:37,4
DA:43,1
DA:58,5
DA:59,1
DA:68,4
DA:76,8
DA:77,8
DA:86,1
DA:117,1
LF:20
LH:20
BRDA:31,0,0,0
BRDA:31,1,0,2
BRDA:31,1,1,2
BRDA:36,2,0,4
BRDA:36,2,1,4
BRDA:41,3,0,4
BRDA:41,3,1,0
BRDA:43,4,0,1
BRDA:43,4,1,1
BRDA:46,5,0,4
BRDA:46,5,1,0
BRDA:50,6,0,4
BRDA:50,6,1,0
BRDA:58,7,0,1
BRDA:81,8,0,2
BRDA:81,8,1,6
BRDA:86,9,0,0
BRDA:86,9,1,1
BRDA:91,10,0,2
BRDA:91,10,1,6
BRDA:101,11,0,2
BRDA:101,11,1,6
BRDA:106,12,0,8
BRDA:106,12,1,2
BRF:24
BRH:19
end_of_record
TN:
SF:src/components/Forms/LoginForm/index.tsx
FN:16,(anonymous_0)
FNF:1
FNH:1
FNDA:3,(anonymous_0)
DA:1,1
DA:3,1
DA:5,1
DA:16,1
DA:24,3
DA:70,1
LF:6
LH:6
BRDA:32,0,0,1
BRDA:32,0,1,2
BRDA:32,1,0,3
BRDA:32,1,1,1
BRDA:33,2,0,3
BRDA:33,2,1,1
BRDA:48,3,0,1
BRDA:48,3,1,2
BRDA:48,4,0,3
BRDA:48,4,1,1
BRDA:49,5,0,3
BRDA:49,5,1,1
BRF:12
BRH:12
end_of_record
TN:
SF:src/components/ProductDetails/index.tsx
FN:25,(anonymous_0)
FN:83,(anonymous_1)
FNF:2
FNH:2
FNDA:3,(anonymous_0)
FNDA:3,(anonymous_1)
DA:1,1
DA:11,1
DA:12,1
DA:13,1
DA:15,1
DA:25,1
DA:32,3
DA:33,0
DA:40,3
DA:84,3
DA:106,1
LF:11
LH:10
BRDA:32,0,0,0
BRDA:32,1,0,3
BRDA:32,1,1,3
BRDA:69,2,0,3
BRDA:69,2,1,0
BRDA:70,3,0,3
BRDA:70,3,1,0
BRDA:81,4,0,3
BRDA:81,4,1,0
BRDA:89,5,0,0
BRDA:89,5,1,3
BRF:11
BRH:6
end_of_record
